<?xml version="1.0" encoding="UTF-8"?>
<Contact>
    <Name></Name>
    <Email>datamanagement@erste-am.com</Email>
</Contact>